mode: set
github.com/info344-a17/challenges-vincentmvdm/servers/gateway/models/users/memstore.go:15.60,17.16 2 1
github.com/info344-a17/challenges-vincentmvdm/servers/gateway/models/users/memstore.go:20.2,21.47 2 1
github.com/info344-a17/challenges-vincentmvdm/servers/gateway/models/users/memstore.go:17.16,19.3 1 0
github.com/info344-a17/challenges-vincentmvdm/servers/gateway/models/users/memstore.go:25.61,26.33 1 1
github.com/info344-a17/challenges-vincentmvdm/servers/gateway/models/users/memstore.go:31.2,31.29 1 0
github.com/info344-a17/challenges-vincentmvdm/servers/gateway/models/users/memstore.go:26.33,27.17 1 1
github.com/info344-a17/challenges-vincentmvdm/servers/gateway/models/users/memstore.go:27.17,29.4 1 1
github.com/info344-a17/challenges-vincentmvdm/servers/gateway/models/users/memstore.go:35.60,36.33 1 1
github.com/info344-a17/challenges-vincentmvdm/servers/gateway/models/users/memstore.go:41.2,41.29 1 0
github.com/info344-a17/challenges-vincentmvdm/servers/gateway/models/users/memstore.go:36.33,37.23 1 1
github.com/info344-a17/challenges-vincentmvdm/servers/gateway/models/users/memstore.go:37.23,39.4 1 1
github.com/info344-a17/challenges-vincentmvdm/servers/gateway/models/users/memstore.go:45.66,46.33 1 1
github.com/info344-a17/challenges-vincentmvdm/servers/gateway/models/users/memstore.go:51.2,51.29 1 0
github.com/info344-a17/challenges-vincentmvdm/servers/gateway/models/users/memstore.go:46.33,47.29 1 1
github.com/info344-a17/challenges-vincentmvdm/servers/gateway/models/users/memstore.go:47.29,49.4 1 1
github.com/info344-a17/challenges-vincentmvdm/servers/gateway/models/users/memstore.go:55.73,57.16 2 1
github.com/info344-a17/challenges-vincentmvdm/servers/gateway/models/users/memstore.go:60.2,60.48 1 1
github.com/info344-a17/challenges-vincentmvdm/servers/gateway/models/users/memstore.go:63.2,63.12 1 1
github.com/info344-a17/challenges-vincentmvdm/servers/gateway/models/users/memstore.go:57.16,59.3 1 0
github.com/info344-a17/challenges-vincentmvdm/servers/gateway/models/users/memstore.go:60.48,62.3 1 1
github.com/info344-a17/challenges-vincentmvdm/servers/gateway/models/users/memstore.go:67.55,69.33 2 1
github.com/info344-a17/challenges-vincentmvdm/servers/gateway/models/users/memstore.go:75.2,75.17 1 1
github.com/info344-a17/challenges-vincentmvdm/servers/gateway/models/users/memstore.go:79.2,80.12 2 1
github.com/info344-a17/challenges-vincentmvdm/servers/gateway/models/users/memstore.go:69.33,70.21 1 1
github.com/info344-a17/challenges-vincentmvdm/servers/gateway/models/users/memstore.go:70.21,72.9 2 1
github.com/info344-a17/challenges-vincentmvdm/servers/gateway/models/users/memstore.go:75.17,77.3 1 1
github.com/info344-a17/challenges-vincentmvdm/servers/gateway/models/users/mongostore.go:23.82,30.2 1 1
github.com/info344-a17/challenges-vincentmvdm/servers/gateway/models/users/mongostore.go:34.62,36.16 2 1
github.com/info344-a17/challenges-vincentmvdm/servers/gateway/models/users/mongostore.go:41.2,41.40 1 1
github.com/info344-a17/challenges-vincentmvdm/servers/gateway/models/users/mongostore.go:44.2,44.15 1 1
github.com/info344-a17/challenges-vincentmvdm/servers/gateway/models/users/mongostore.go:36.16,38.3 1 0
github.com/info344-a17/challenges-vincentmvdm/servers/gateway/models/users/mongostore.go:41.40,43.3 1 0
github.com/info344-a17/challenges-vincentmvdm/servers/gateway/models/users/mongostore.go:49.63,51.48 2 1
github.com/info344-a17/challenges-vincentmvdm/servers/gateway/models/users/mongostore.go:54.2,54.15 1 1
github.com/info344-a17/challenges-vincentmvdm/servers/gateway/models/users/mongostore.go:51.48,53.3 1 1
github.com/info344-a17/challenges-vincentmvdm/servers/gateway/models/users/mongostore.go:58.76,60.64 2 1
github.com/info344-a17/challenges-vincentmvdm/servers/gateway/models/users/mongostore.go:63.2,63.15 1 1
github.com/info344-a17/challenges-vincentmvdm/servers/gateway/models/users/mongostore.go:60.64,62.3 1 1
github.com/info344-a17/challenges-vincentmvdm/servers/gateway/models/users/mongostore.go:67.62,69.16 2 1
github.com/info344-a17/challenges-vincentmvdm/servers/gateway/models/users/mongostore.go:72.2,72.15 1 1
github.com/info344-a17/challenges-vincentmvdm/servers/gateway/models/users/mongostore.go:69.16,71.3 1 1
github.com/info344-a17/challenges-vincentmvdm/servers/gateway/models/users/mongostore.go:76.68,78.16 2 1
github.com/info344-a17/challenges-vincentmvdm/servers/gateway/models/users/mongostore.go:81.2,81.15 1 1
github.com/info344-a17/challenges-vincentmvdm/servers/gateway/models/users/mongostore.go:78.16,80.3 1 1
github.com/info344-a17/challenges-vincentmvdm/servers/gateway/models/users/mongostore.go:85.75,86.72 1 1
github.com/info344-a17/challenges-vincentmvdm/servers/gateway/models/users/mongostore.go:89.2,89.12 1 1
github.com/info344-a17/challenges-vincentmvdm/servers/gateway/models/users/mongostore.go:86.72,88.3 1 0
github.com/info344-a17/challenges-vincentmvdm/servers/gateway/models/users/mongostore.go:93.57,94.47 1 1
github.com/info344-a17/challenges-vincentmvdm/servers/gateway/models/users/mongostore.go:97.2,97.12 1 1
github.com/info344-a17/challenges-vincentmvdm/servers/gateway/models/users/mongostore.go:94.47,96.3 1 1
github.com/info344-a17/challenges-vincentmvdm/servers/gateway/models/users/user.go:53.37,58.55 1 1
github.com/info344-a17/challenges-vincentmvdm/servers/gateway/models/users/user.go:62.2,62.26 1 1
github.com/info344-a17/challenges-vincentmvdm/servers/gateway/models/users/user.go:66.2,66.36 1 1
github.com/info344-a17/challenges-vincentmvdm/servers/gateway/models/users/user.go:70.2,70.27 1 1
github.com/info344-a17/challenges-vincentmvdm/servers/gateway/models/users/user.go:73.2,73.12 1 1
github.com/info344-a17/challenges-vincentmvdm/servers/gateway/models/users/user.go:58.55,60.3 1 1
github.com/info344-a17/challenges-vincentmvdm/servers/gateway/models/users/user.go:62.26,64.3 1 1
github.com/info344-a17/challenges-vincentmvdm/servers/gateway/models/users/user.go:66.36,68.3 1 1
github.com/info344-a17/challenges-vincentmvdm/servers/gateway/models/users/user.go:70.27,72.3 1 1
github.com/info344-a17/challenges-vincentmvdm/servers/gateway/models/users/user.go:78.44,84.89 2 1
github.com/info344-a17/challenges-vincentmvdm/servers/gateway/models/users/user.go:87.2,100.51 3 1
github.com/info344-a17/challenges-vincentmvdm/servers/gateway/models/users/user.go:103.2,103.15 1 1
github.com/info344-a17/challenges-vincentmvdm/servers/gateway/models/users/user.go:84.89,86.3 1 0
github.com/info344-a17/challenges-vincentmvdm/servers/gateway/models/users/user.go:100.51,102.3 1 0
github.com/info344-a17/challenges-vincentmvdm/servers/gateway/models/users/user.go:110.34,111.51 1 1
github.com/info344-a17/challenges-vincentmvdm/servers/gateway/models/users/user.go:114.2,114.39 1 1
github.com/info344-a17/challenges-vincentmvdm/servers/gateway/models/users/user.go:111.51,113.3 1 1
github.com/info344-a17/challenges-vincentmvdm/servers/gateway/models/users/user.go:118.51,121.16 2 1
github.com/info344-a17/challenges-vincentmvdm/servers/gateway/models/users/user.go:124.2,125.12 2 1
github.com/info344-a17/challenges-vincentmvdm/servers/gateway/models/users/user.go:121.16,123.3 1 0
github.com/info344-a17/challenges-vincentmvdm/servers/gateway/models/users/user.go:130.52,133.84 1 1
github.com/info344-a17/challenges-vincentmvdm/servers/gateway/models/users/user.go:136.2,136.12 1 1
github.com/info344-a17/challenges-vincentmvdm/servers/gateway/models/users/user.go:133.84,135.3 1 1
github.com/info344-a17/challenges-vincentmvdm/servers/gateway/models/users/user.go:141.53,146.63 1 1
github.com/info344-a17/challenges-vincentmvdm/servers/gateway/models/users/user.go:149.2,151.12 3 1
github.com/info344-a17/challenges-vincentmvdm/servers/gateway/models/users/user.go:146.63,148.3 1 1
