mode: set
github.com/info344-a17/challenges-vincentmvdm/servers/gateway/indexes/trie.go:21.22,23.2 1 1
github.com/info344-a17/challenges-vincentmvdm/servers/gateway/indexes/trie.go:26.64,32.27 3 1
github.com/info344-a17/challenges-vincentmvdm/servers/gateway/indexes/trie.go:47.2,50.18 2 1
github.com/info344-a17/challenges-vincentmvdm/servers/gateway/indexes/trie.go:32.27,36.19 2 1
github.com/info344-a17/challenges-vincentmvdm/servers/gateway/indexes/trie.go:43.3,43.18 1 1
github.com/info344-a17/challenges-vincentmvdm/servers/gateway/indexes/trie.go:36.19,41.4 2 1
github.com/info344-a17/challenges-vincentmvdm/servers/gateway/indexes/trie.go:53.68,63.27 4 1
github.com/info344-a17/challenges-vincentmvdm/servers/gateway/indexes/trie.go:78.2,78.24 1 1
github.com/info344-a17/challenges-vincentmvdm/servers/gateway/indexes/trie.go:63.27,66.19 2 1
github.com/info344-a17/challenges-vincentmvdm/servers/gateway/indexes/trie.go:72.3,74.18 2 1
github.com/info344-a17/challenges-vincentmvdm/servers/gateway/indexes/trie.go:66.19,70.4 1 1
github.com/info344-a17/challenges-vincentmvdm/servers/gateway/indexes/trie.go:83.70,95.19 5 1
github.com/info344-a17/challenges-vincentmvdm/servers/gateway/indexes/trie.go:102.2,105.37 3 1
github.com/info344-a17/challenges-vincentmvdm/servers/gateway/indexes/trie.go:115.2,115.18 1 1
github.com/info344-a17/challenges-vincentmvdm/servers/gateway/indexes/trie.go:95.19,97.3 1 1
github.com/info344-a17/challenges-vincentmvdm/servers/gateway/indexes/trie.go:105.37,107.20 2 0
github.com/info344-a17/challenges-vincentmvdm/servers/gateway/indexes/trie.go:110.3,112.25 3 0
github.com/info344-a17/challenges-vincentmvdm/servers/gateway/indexes/trie.go:107.20,109.4 1 0
github.com/info344-a17/challenges-vincentmvdm/servers/gateway/indexes/trie.go:118.85,122.35 1 1
github.com/info344-a17/challenges-vincentmvdm/servers/gateway/indexes/trie.go:126.2,126.28 1 1
github.com/info344-a17/challenges-vincentmvdm/servers/gateway/indexes/trie.go:139.2,139.29 1 1
github.com/info344-a17/challenges-vincentmvdm/servers/gateway/indexes/trie.go:153.2,153.15 1 1
github.com/info344-a17/challenges-vincentmvdm/servers/gateway/indexes/trie.go:122.35,124.3 1 1
github.com/info344-a17/challenges-vincentmvdm/servers/gateway/indexes/trie.go:126.28,128.30 2 1
github.com/info344-a17/challenges-vincentmvdm/servers/gateway/indexes/trie.go:128.30,130.13 2 1
github.com/info344-a17/challenges-vincentmvdm/servers/gateway/indexes/trie.go:130.13,132.24 2 1
github.com/info344-a17/challenges-vincentmvdm/servers/gateway/indexes/trie.go:132.24,134.6 1 1
github.com/info344-a17/challenges-vincentmvdm/servers/gateway/indexes/trie.go:139.29,142.32 3 1
github.com/info344-a17/challenges-vincentmvdm/servers/gateway/indexes/trie.go:146.3,146.40 1 1
github.com/info344-a17/challenges-vincentmvdm/servers/gateway/indexes/trie.go:147.3,147.30 1 1
github.com/info344-a17/challenges-vincentmvdm/servers/gateway/indexes/trie.go:142.32,145.4 2 1
github.com/info344-a17/challenges-vincentmvdm/servers/gateway/indexes/trie.go:146.40,146.68 1 1
github.com/info344-a17/challenges-vincentmvdm/servers/gateway/indexes/trie.go:147.30,150.4 2 1
github.com/info344-a17/challenges-vincentmvdm/servers/gateway/indexes/trie.go:157.73,158.42 1 1
github.com/info344-a17/challenges-vincentmvdm/servers/gateway/indexes/trie.go:161.2,163.62 3 1
github.com/info344-a17/challenges-vincentmvdm/servers/gateway/indexes/trie.go:166.2,166.12 1 1
github.com/info344-a17/challenges-vincentmvdm/servers/gateway/indexes/trie.go:158.42,160.3 1 0
github.com/info344-a17/challenges-vincentmvdm/servers/gateway/indexes/trie.go:163.62,165.3 1 1
github.com/info344-a17/challenges-vincentmvdm/servers/gateway/indexes/trie.go:169.76,170.18 1 1
github.com/info344-a17/challenges-vincentmvdm/servers/gateway/indexes/trie.go:183.2,183.12 1 1
github.com/info344-a17/challenges-vincentmvdm/servers/gateway/indexes/trie.go:170.18,173.19 3 1
github.com/info344-a17/challenges-vincentmvdm/servers/gateway/indexes/trie.go:176.3,177.58 2 1
github.com/info344-a17/challenges-vincentmvdm/servers/gateway/indexes/trie.go:173.19,175.4 1 1
github.com/info344-a17/challenges-vincentmvdm/servers/gateway/indexes/trie.go:177.58,179.4 1 1
github.com/info344-a17/challenges-vincentmvdm/servers/gateway/indexes/trie.go:180.3,182.3 1 1
github.com/info344-a17/challenges-vincentmvdm/servers/gateway/indexes/trienode.go:10.30,12.2 1 1
github.com/info344-a17/challenges-vincentmvdm/servers/gateway/indexes/useridentifiers.go:17.44,19.2 1 1
github.com/info344-a17/challenges-vincentmvdm/servers/gateway/indexes/useridentifiers.go:22.55,26.2 3 1
github.com/info344-a17/challenges-vincentmvdm/servers/gateway/indexes/useridentifiers.go:29.60,31.2 1 1
github.com/info344-a17/challenges-vincentmvdm/servers/gateway/indexes/useridentifiers.go:34.53,36.2 1 1
github.com/info344-a17/challenges-vincentmvdm/servers/gateway/indexes/useridentifiers.go:39.51,42.25 3 1
github.com/info344-a17/challenges-vincentmvdm/servers/gateway/indexes/useridentifiers.go:46.2,46.44 1 1
github.com/info344-a17/challenges-vincentmvdm/servers/gateway/indexes/useridentifiers.go:47.2,47.18 1 1
github.com/info344-a17/challenges-vincentmvdm/servers/gateway/indexes/useridentifiers.go:42.25,45.3 2 1
github.com/info344-a17/challenges-vincentmvdm/servers/gateway/indexes/useridentifiers.go:46.44,46.82 1 1
github.com/info344-a17/challenges-vincentmvdm/servers/gateway/indexes/useridentifiers.go:51.39,53.2 1 1
github.com/info344-a17/challenges-vincentmvdm/servers/gateway/indexes/useridentifiers.go:56.77,58.25 2 1
github.com/info344-a17/challenges-vincentmvdm/servers/gateway/indexes/useridentifiers.go:63.2,63.12 1 1
github.com/info344-a17/challenges-vincentmvdm/servers/gateway/indexes/useridentifiers.go:58.25,59.23 1 1
github.com/info344-a17/challenges-vincentmvdm/servers/gateway/indexes/useridentifiers.go:59.23,61.4 1 1
